# JRE version: OpenJDK Runtime Environment JBR-17.0.10+1-1087.23-jcef (17.0.10+1) (build 17.0.10+1-b1087.23)
# Java VM: OpenJDK 64-Bit Server VM JBR-17.0.10+1-1087.23-jcef (17.0.10+1-b1087.23, mixed mode, tiered, compressed oops, compressed class ptrs, g1 gc, windows-amd64)
GC Precious Log:
 CPUs: 8 total, 8 available
 Memory: 7065M
 Large Page Support: Disabled
 NUMA Support: Disabled
 Compressed Oops: Enabled (32-bit)
 Heap Region Size: 1M
 Heap Min Capacity: 128M
 Heap Initial Capacity: 128M
 Heap Max Capacity: 2G
 Pre-touch: Disabled
 Parallel Workers: 8
 Concurrent Workers: 2
 Concurrent Refinement Workers: 8
 Periodic GC: Disabled
Heap:
 garbage-first heap   total 578560K, used 413184K [0x0000000080000000, 0x0000000100000000)
  region size 1024K, 80 young (81920K), 16 survivors (16384K)
 Metaspace       used 40965K, committed 41280K, reserved 1114112K
  class space    used 4447K, committed 4608K, reserved 1048576K
GC Heap History (20 events):
Event: 3.212 GC heap before
{Heap before GC invocations=6 (full 0):
 garbage-first heap   total 131072K, used 78490K [0x0000000080000000, 0x0000000100000000)
  region size 1024K, 6 young (6144K), 5 survivors (5120K)
 Metaspace       used 36506K, committed 36864K, reserved 1114112K
  class space    used 4107K, committed 4288K, reserved 1048576K
}
Event: 3.218 GC heap after
{Heap after GC invocations=7 (full 0):
 garbage-first heap   total 131072K, used 62493K [0x0000000080000000, 0x0000000100000000)
  region size 1024K, 5 young (5120K), 5 survivors (5120K)
 Metaspace       used 36506K, committed 36864K, reserved 1114112K
  class space    used 4107K, committed 4288K, reserved 1048576K
}
Event: 3.385 GC heap before
{Heap before GC invocations=7 (full 0):
 garbage-first heap   total 161792K, used 106525K [0x0000000080000000, 0x0000000100000000)
  region size 1024K, 18 young (18432K), 5 survivors (5120K)
 Metaspace       used 36972K, committed 37312K, reserved 1114112K
  class space    used 4138K, committed 4288K, reserved 1048576K
}
Event: 3.394 GC heap after
{Heap after GC invocations=8 (full 0):
 garbage-first heap   total 249856K, used 51735K [0x0000000080000000, 0x0000000100000000)
  region size 1024K, 6 young (6144K), 6 survivors (6144K)
 Metaspace       used 36972K, committed 37312K, reserved 1114112K
  class space    used 4138K, committed 4288K, reserved 1048576K
}
Event: 3.993 GC heap before
{Heap before GC invocations=8 (full 0):
 garbage-first heap   total 249856K, used 177687K [0x0000000080000000, 0x0000000100000000)
  region size 1024K, 120 young (122880K), 6 survivors (6144K)
 Metaspace       used 37479K, committed 37760K, reserved 1114112K
  class space    used 4140K, committed 4288K, reserved 1048576K
}
Event: 4.041 GC heap after
{Heap after GC invocations=9 (full 0):
 garbage-first heap   total 249856K, used 108370K [0x0000000080000000, 0x0000000100000000)
  region size 1024K, 15 young (15360K), 15 survivors (15360K)
 Metaspace       used 37479K, committed 37760K, reserved 1114112K
  class space    used 4140K, committed 4288K, reserved 1048576K
}
Event: 4.243 GC heap before
{Heap before GC invocations=9 (full 0):
 garbage-first heap   total 249856K, used 166738K [0x0000000080000000, 0x0000000100000000)
  region size 1024K, 72 young (73728K), 15 survivors (15360K)
 Metaspace       used 37515K, committed 37888K, reserved 1114112K
  class space    used 4140K, committed 4288K, reserved 1048576K
}
Event: 4.289 GC heap after
{Heap after GC invocations=10 (full 0):
 garbage-first heap   total 249856K, used 134144K [0x0000000080000000, 0x0000000100000000)
  region size 1024K, 9 young (9216K), 9 survivors (9216K)
 Metaspace       used 37515K, committed 37888K, reserved 1114112K
  class space    used 4140K, committed 4288K, reserved 1048576K
}
Event: 4.323 GC heap before
{Heap before GC invocations=10 (full 0):
 garbage-first heap   total 249856K, used 143360K [0x0000000080000000, 0x0000000100000000)
  region size 1024K, 18 young (18432K), 9 survivors (9216K)
 Metaspace       used 37557K, committed 37888K, reserved 1114112K
  class space    used 4140K, committed 4288K, reserved 1048576K
}
Event: 4.339 GC heap after
{Heap after GC invocations=11 (full 0):
 garbage-first heap   total 249856K, used 138752K [0x0000000080000000, 0x0000000100000000)
  region size 1024K, 3 young (3072K), 3 survivors (3072K)
 Metaspace       used 37557K, committed 37888K, reserved 1114112K
  class space    used 4140K, committed 4288K, reserved 1048576K
}
Event: 4.565 GC heap before
{Heap before GC invocations=12 (full 0):
 garbage-first heap   total 273408K, used 182784K [0x0000000080000000, 0x0000000100000000)
  region size 1024K, 46 young (47104K), 3 survivors (3072K)
 Metaspace       used 37716K, committed 38016K, reserved 1114112K
  class space    used 4141K, committed 4288K, reserved 1048576K
}
Event: 4.587 GC heap after
{Heap after GC invocations=13 (full 0):
 garbage-first heap   total 273408K, used 160757K [0x0000000080000000, 0x0000000100000000)
  region size 1024K, 6 young (6144K), 6 survivors (6144K)
 Metaspace       used 37716K, committed 38016K, reserved 1114112K
  class space    used 4141K, committed 4288K, reserved 1048576K
}
Event: 4.788 GC heap before
{Heap before GC invocations=13 (full 0):
 garbage-first heap   total 273408K, used 202741K [0x0000000080000000, 0x0000000100000000)
  region size 1024K, 47 young (48128K), 6 survivors (6144K)
 Metaspace       used 37721K, committed 38016K, reserved 1114112K
  class space    used 4142K, committed 4288K, reserved 1048576K
}
Event: 4.819 GC heap after
{Heap after GC invocations=14 (full 0):
 garbage-first heap   total 578560K, used 180224K [0x0000000080000000, 0x0000000100000000)
  region size 1024K, 6 young (6144K), 6 survivors (6144K)
 Metaspace       used 37721K, committed 38016K, reserved 1114112K
  class space    used 4142K, committed 4288K, reserved 1048576K
}
Event: 5.554 GC heap before
{Heap before GC invocations=15 (full 0):
 garbage-first heap   total 578560K, used 330752K [0x0000000080000000, 0x0000000100000000)
  region size 1024K, 153 young (156672K), 6 survivors (6144K)
 Metaspace       used 37733K, committed 38016K, reserved 1114112K
  class space    used 4142K, committed 4288K, reserved 1048576K
}
Event: 5.620 GC heap after
{Heap after GC invocations=16 (full 0):
 garbage-first heap   total 578560K, used 245181K [0x0000000080000000, 0x0000000100000000)
  region size 1024K, 20 young (20480K), 20 survivors (20480K)
 Metaspace       used 37733K, committed 38016K, reserved 1114112K
  class space    used 4142K, committed 4288K, reserved 1048576K
}
Event: 7.549 GC heap before
{Heap before GC invocations=16 (full 0):
 garbage-first heap   total 578560K, used 382397K [0x0000000080000000, 0x0000000100000000)
  region size 1024K, 118 young (120832K), 20 survivors (20480K)
 Metaspace       used 40497K, committed 40768K, reserved 1114112K
  class space    used 4414K, committed 4544K, reserved 1048576K
}
Event: 7.647 GC heap after
{Heap after GC invocations=17 (full 0):
 garbage-first heap   total 578560K, used 291328K [0x0000000080000000, 0x0000000100000000)
  region size 1024K, 15 young (15360K), 15 survivors (15360K)
 Metaspace       used 40497K, committed 40768K, reserved 1114112K
  class space    used 4414K, committed 4544K, reserved 1048576K
}
Event: 8.703 GC heap before
{Heap before GC invocations=17 (full 0):
 garbage-first heap   total 578560K, used 404992K [0x0000000080000000, 0x0000000100000000)
  region size 1024K, 126 young (129024K), 15 survivors (15360K)
 Metaspace       used 40821K, committed 41152K, reserved 1114112K
  class space    used 4436K, committed 4608K, reserved 1048576K
}
Event: 8.823 GC heap after
{Heap after GC invocations=18 (full 0):
 garbage-first heap   total 578560K, used 354816K [0x0000000080000000, 0x0000000100000000)
  region size 1024K, 16 young (16384K), 16 survivors (16384K)
 Metaspace       used 40821K, committed 41152K, reserved 1114112K
  class space    used 4436K, committed 4608K, reserved 1048576K
}

