# JRE version: OpenJDK Runtime Environment JBR-17.0.10+1-1087.23-jcef (17.0.10+1) (build 17.0.10+1-b1087.23)
# Java VM: OpenJDK 64-Bit Server VM JBR-17.0.10+1-1087.23-jcef (17.0.10+1-b1087.23, mixed mode, tiered, compressed oops, compressed class ptrs, g1 gc, windows-amd64)
GC Precious Log:
 CPUs: 8 total, 8 available
 Memory: 3481M
 Large Page Support: Disabled
 NUMA Support: Disabled
 Compressed Oops: Enabled (32-bit)
 Heap Region Size: 1M
 Heap Min Capacity: 128M
 Heap Initial Capacity: 128M
 Heap Max Capacity: 2G
 Pre-touch: Disabled
 Parallel Workers: 8
 Concurrent Workers: 2
 Concurrent Refinement Workers: 8
 Periodic GC: Disabled
Heap:
 garbage-first heap   total 291840K, used 185155K [0x0000000080000000, 0x0000000100000000)
  region size 1024K, 6 young (6144K), 6 survivors (6144K)
 Metaspace       used 32394K, committed 32704K, reserved 1114112K
  class space    used 3424K, committed 3584K, reserved 1048576K
GC Heap History (20 events):
Event: 7.764 GC heap after
{Heap after GC invocations=5 (full 0):
 garbage-first heap   total 131072K, used 60804K [0x0000000080000000, 0x0000000100000000)
  region size 1024K, 4 young (4096K), 4 survivors (4096K)
 Metaspace       used 30425K, committed 30656K, reserved 1114112K
  class space    used 3293K, committed 3392K, reserved 1048576K
}
Event: 8.076 GC heap before
{Heap before GC invocations=5 (full 0):
 garbage-first heap   total 131072K, used 100740K [0x0000000080000000, 0x0000000100000000)
  region size 1024K, 13 young (13312K), 4 survivors (4096K)
 Metaspace       used 31187K, committed 31552K, reserved 1114112K
  class space    used 3351K, committed 3520K, reserved 1048576K
}
Event: 8.092 GC heap after
{Heap after GC invocations=6 (full 0):
 garbage-first heap   total 131072K, used 48045K [0x0000000080000000, 0x0000000100000000)
  region size 1024K, 6 young (6144K), 6 survivors (6144K)
 Metaspace       used 31187K, committed 31552K, reserved 1114112K
  class space    used 3351K, committed 3520K, reserved 1048576K
}
Event: 8.801 GC heap before
{Heap before GC invocations=6 (full 0):
 garbage-first heap   total 131072K, used 100269K [0x0000000080000000, 0x0000000100000000)
  region size 1024K, 51 young (52224K), 6 survivors (6144K)
 Metaspace       used 32040K, committed 32384K, reserved 1114112K
  class space    used 3421K, committed 3584K, reserved 1048576K
}
Event: 8.848 GC heap after
{Heap after GC invocations=7 (full 0):
 garbage-first heap   total 131072K, used 71925K [0x0000000080000000, 0x0000000100000000)
  region size 1024K, 7 young (7168K), 7 survivors (7168K)
 Metaspace       used 32040K, committed 32384K, reserved 1114112K
  class space    used 3421K, committed 3584K, reserved 1048576K
}
Event: 9.169 GC heap before
{Heap before GC invocations=7 (full 0):
 garbage-first heap   total 131072K, used 96501K [0x0000000080000000, 0x0000000100000000)
  region size 1024K, 31 young (31744K), 7 survivors (7168K)
 Metaspace       used 32108K, committed 32448K, reserved 1114112K
  class space    used 3421K, committed 3584K, reserved 1048576K
}
Event: 9.212 GC heap after
{Heap after GC invocations=8 (full 0):
 garbage-first heap   total 206848K, used 82944K [0x0000000080000000, 0x0000000100000000)
  region size 1024K, 4 young (4096K), 4 survivors (4096K)
 Metaspace       used 32108K, committed 32448K, reserved 1114112K
  class space    used 3421K, committed 3584K, reserved 1048576K
}
Event: 9.887 GC heap before
{Heap before GC invocations=9 (full 0):
 garbage-first heap   total 206848K, used 131072K [0x0000000080000000, 0x0000000100000000)
  region size 1024K, 51 young (52224K), 4 survivors (4096K)
 Metaspace       used 32125K, committed 32448K, reserved 1114112K
  class space    used 3418K, committed 3584K, reserved 1048576K
}
Event: 10.125 GC heap after
{Heap after GC invocations=10 (full 0):
 garbage-first heap   total 206848K, used 104448K [0x0000000080000000, 0x0000000100000000)
  region size 1024K, 7 young (7168K), 7 survivors (7168K)
 Metaspace       used 32125K, committed 32448K, reserved 1114112K
  class space    used 3418K, committed 3584K, reserved 1048576K
}
Event: 10.970 GC heap before
{Heap before GC invocations=10 (full 0):
 garbage-first heap   total 206848K, used 144384K [0x0000000080000000, 0x0000000100000000)
  region size 1024K, 46 young (47104K), 7 survivors (7168K)
 Metaspace       used 32345K, committed 32640K, reserved 1114112K
  class space    used 3425K, committed 3584K, reserved 1048576K
}
Event: 11.063 GC heap after
{Heap after GC invocations=11 (full 0):
 garbage-first heap   total 206848K, used 123392K [0x0000000080000000, 0x0000000100000000)
  region size 1024K, 6 young (6144K), 6 survivors (6144K)
 Metaspace       used 32345K, committed 32640K, reserved 1114112K
  class space    used 3425K, committed 3584K, reserved 1048576K
}
Event: 11.508 GC heap before
{Heap before GC invocations=12 (full 0):
 garbage-first heap   total 237568K, used 152064K [0x0000000080000000, 0x0000000100000000)
  region size 1024K, 34 young (34816K), 6 survivors (6144K)
 Metaspace       used 32367K, committed 32704K, reserved 1114112K
  class space    used 3424K, committed 3584K, reserved 1048576K
}
Event: 11.562 GC heap after
{Heap after GC invocations=13 (full 0):
 garbage-first heap   total 237568K, used 137216K [0x0000000080000000, 0x0000000100000000)
  region size 1024K, 5 young (5120K), 5 survivors (5120K)
 Metaspace       used 32367K, committed 32704K, reserved 1114112K
  class space    used 3424K, committed 3584K, reserved 1048576K
}
Event: 11.778 GC heap before
{Heap before GC invocations=13 (full 0):
 garbage-first heap   total 237568K, used 174080K [0x0000000080000000, 0x0000000100000000)
  region size 1024K, 41 young (41984K), 5 survivors (5120K)
 Metaspace       used 32375K, committed 32704K, reserved 1114112K
  class space    used 3424K, committed 3584K, reserved 1048576K
}
Event: 11.812 GC heap after
{Heap after GC invocations=14 (full 0):
 garbage-first heap   total 237568K, used 154624K [0x0000000080000000, 0x0000000100000000)
  region size 1024K, 6 young (6144K), 6 survivors (6144K)
 Metaspace       used 32375K, committed 32704K, reserved 1114112K
  class space    used 3424K, committed 3584K, reserved 1048576K
}
Event: 12.193 GC heap before
{Heap before GC invocations=15 (full 0):
 garbage-first heap   total 291840K, used 182272K [0x0000000080000000, 0x0000000100000000)
  region size 1024K, 33 young (33792K), 6 survivors (6144K)
 Metaspace       used 32379K, committed 32704K, reserved 1114112K
  class space    used 3424K, committed 3584K, reserved 1048576K
}
Event: 12.268 GC heap after
{Heap after GC invocations=16 (full 0):
 garbage-first heap   total 291840K, used 167894K [0x0000000080000000, 0x0000000100000000)
  region size 1024K, 5 young (5120K), 5 survivors (5120K)
 Metaspace       used 32379K, committed 32704K, reserved 1114112K
  class space    used 3424K, committed 3584K, reserved 1048576K
}
Event: 12.389 GC heap before
{Heap before GC invocations=16 (full 0):
 garbage-first heap   total 291840K, used 177110K [0x0000000080000000, 0x0000000100000000)
  region size 1024K, 14 young (14336K), 5 survivors (5120K)
 Metaspace       used 32383K, committed 32704K, reserved 1114112K
  class space    used 3424K, committed 3584K, reserved 1048576K
}
Event: 12.434 GC heap after
{Heap after GC invocations=17 (full 0):
 garbage-first heap   total 291840K, used 172032K [0x0000000080000000, 0x0000000100000000)
  region size 1024K, 2 young (2048K), 2 survivors (2048K)
 Metaspace       used 32383K, committed 32704K, reserved 1114112K
  class space    used 3424K, committed 3584K, reserved 1048576K
}
Event: 14.284 GC heap before
{Heap before GC invocations=17 (full 0):
 garbage-first heap   total 291840K, used 200704K [0x0000000080000000, 0x0000000100000000)
  region size 1024K, 31 young (31744K), 2 survivors (2048K)
 Metaspace       used 32394K, committed 32704K, reserved 1114112K
  class space    used 3424K, committed 3584K, reserved 1048576K
}

