# JRE version: OpenJDK Runtime Environment JBR-17.0.10+1-1087.23-jcef (17.0.10+1) (build 17.0.10+1-b1087.23)
# Java VM: OpenJDK 64-Bit Server VM JBR-17.0.10+1-1087.23-jcef (17.0.10+1-b1087.23, mixed mode, tiered, compressed oops, compressed class ptrs, g1 gc, windows-amd64)
GC Precious Log:
 CPUs: 8 total, 8 available
 Memory: 7065M
 Large Page Support: Disabled
 NUMA Support: Disabled
 Compressed Oops: Enabled (32-bit)
 Heap Region Size: 1M
 Heap Min Capacity: 128M
 Heap Initial Capacity: 128M
 Heap Max Capacity: 2G
 Pre-touch: Disabled
 Parallel Workers: 8
 Concurrent Workers: 2
 Concurrent Refinement Workers: 8
 Periodic GC: Disabled
Heap:
 garbage-first heap   total 520192K, used 349696K [0x0000000080000000, 0x0000000100000000)
  region size 1024K, 10 young (10240K), 10 survivors (10240K)
 Metaspace       used 40814K, committed 41152K, reserved 1114112K
  class space    used 4444K, committed 4608K, reserved 1048576K
GC Heap History (20 events):
Event: 4.257 GC heap after
{Heap after GC invocations=9 (full 0):
 garbage-first heap   total 230400K, used 102250K [0x0000000080000000, 0x0000000100000000)
  region size 1024K, 13 young (13312K), 13 survivors (13312K)
 Metaspace       used 37528K, committed 37824K, reserved 1114112K
  class space    used 4150K, committed 4288K, reserved 1048576K
}
Event: 4.469 GC heap before
{Heap before GC invocations=9 (full 0):
 garbage-first heap   total 230400K, used 156522K [0x0000000080000000, 0x0000000100000000)
  region size 1024K, 66 young (67584K), 13 survivors (13312K)
 Metaspace       used 37548K, committed 37888K, reserved 1114112K
  class space    used 4150K, committed 4288K, reserved 1048576K
}
Event: 4.522 GC heap after
{Heap after GC invocations=10 (full 0):
 garbage-first heap   total 230400K, used 127488K [0x0000000080000000, 0x0000000100000000)
  region size 1024K, 9 young (9216K), 9 survivors (9216K)
 Metaspace       used 37548K, committed 37888K, reserved 1114112K
  class space    used 4150K, committed 4288K, reserved 1048576K
}
Event: 5.001 GC heap before
{Heap before GC invocations=10 (full 0):
 garbage-first heap   total 230400K, used 162304K [0x0000000080000000, 0x0000000100000000)
  region size 1024K, 43 young (44032K), 9 survivors (9216K)
 Metaspace       used 37641K, committed 37952K, reserved 1114112K
  class space    used 4150K, committed 4288K, reserved 1048576K
}
Event: 5.026 GC heap after
{Heap after GC invocations=11 (full 0):
 garbage-first heap   total 230400K, used 143872K [0x0000000080000000, 0x0000000100000000)
  region size 1024K, 6 young (6144K), 6 survivors (6144K)
 Metaspace       used 37641K, committed 37952K, reserved 1114112K
  class space    used 4150K, committed 4288K, reserved 1048576K
}
Event: 5.364 GC heap before
{Heap before GC invocations=12 (full 0):
 garbage-first heap   total 260096K, used 174592K [0x0000000080000000, 0x0000000100000000)
  region size 1024K, 36 young (36864K), 6 survivors (6144K)
 Metaspace       used 37722K, committed 38016K, reserved 1114112K
  class space    used 4151K, committed 4288K, reserved 1048576K
}
Event: 5.395 GC heap after
{Heap after GC invocations=13 (full 0):
 garbage-first heap   total 260096K, used 160768K [0x0000000080000000, 0x0000000100000000)
  region size 1024K, 5 young (5120K), 5 survivors (5120K)
 Metaspace       used 37722K, committed 38016K, reserved 1114112K
  class space    used 4151K, committed 4288K, reserved 1048576K
}
Event: 5.831 GC heap before
{Heap before GC invocations=13 (full 0):
 garbage-first heap   total 260096K, used 195584K [0x0000000080000000, 0x0000000100000000)
  region size 1024K, 39 young (39936K), 5 survivors (5120K)
 Metaspace       used 37736K, committed 38016K, reserved 1114112K
  class space    used 4151K, committed 4288K, reserved 1048576K
}
Event: 5.912 GC heap after
{Heap after GC invocations=14 (full 0):
 garbage-first heap   total 520192K, used 177664K [0x0000000080000000, 0x0000000100000000)
  region size 1024K, 5 young (5120K), 5 survivors (5120K)
 Metaspace       used 37736K, committed 38016K, reserved 1114112K
  class space    used 4151K, committed 4288K, reserved 1048576K
}
Event: 7.047 GC heap before
{Heap before GC invocations=15 (full 0):
 garbage-first heap   total 520192K, used 298496K [0x0000000080000000, 0x0000000100000000)
  region size 1024K, 123 young (125952K), 5 survivors (5120K)
 Metaspace       used 37740K, committed 38016K, reserved 1114112K
  class space    used 4151K, committed 4288K, reserved 1048576K
}
Event: 7.118 GC heap after
{Heap after GC invocations=16 (full 0):
 garbage-first heap   total 520192K, used 230400K [0x0000000080000000, 0x0000000100000000)
  region size 1024K, 16 young (16384K), 16 survivors (16384K)
 Metaspace       used 37740K, committed 38016K, reserved 1114112K
  class space    used 4151K, committed 4288K, reserved 1048576K
}
Event: 7.228 GC heap before
{Heap before GC invocations=16 (full 0):
 garbage-first heap   total 520192K, used 238592K [0x0000000080000000, 0x0000000100000000)
  region size 1024K, 25 young (25600K), 16 survivors (16384K)
 Metaspace       used 37740K, committed 38016K, reserved 1114112K
  class space    used 4151K, committed 4288K, reserved 1048576K
}
Event: 7.250 GC heap after
{Heap after GC invocations=17 (full 0):
 garbage-first heap   total 520192K, used 235008K [0x0000000080000000, 0x0000000100000000)
  region size 1024K, 4 young (4096K), 4 survivors (4096K)
 Metaspace       used 37740K, committed 38016K, reserved 1114112K
  class space    used 4151K, committed 4288K, reserved 1048576K
}
Event: 8.134 GC heap before
{Heap before GC invocations=17 (full 0):
 garbage-first heap   total 520192K, used 273920K [0x0000000080000000, 0x0000000100000000)
  region size 1024K, 43 young (44032K), 4 survivors (4096K)
 Metaspace       used 37747K, committed 38016K, reserved 1114112K
  class space    used 4151K, committed 4288K, reserved 1048576K
}
Event: 8.153 GC heap after
{Heap after GC invocations=18 (full 0):
 garbage-first heap   total 520192K, used 251904K [0x0000000080000000, 0x0000000100000000)
  region size 1024K, 14 young (14336K), 14 survivors (14336K)
 Metaspace       used 37747K, committed 38016K, reserved 1114112K
  class space    used 4151K, committed 4288K, reserved 1048576K
}
Event: 9.694 GC heap before
{Heap before GC invocations=19 (full 0):
 garbage-first heap   total 520192K, used 393216K [0x0000000080000000, 0x0000000100000000)
  region size 1024K, 116 young (118784K), 14 survivors (14336K)
 Metaspace       used 40630K, committed 40960K, reserved 1114112K
  class space    used 4432K, committed 4608K, reserved 1048576K
}
Event: 9.829 GC heap after
{Heap after GC invocations=20 (full 0):
 garbage-first heap   total 520192K, used 299241K [0x0000000080000000, 0x0000000100000000)
  region size 1024K, 15 young (15360K), 15 survivors (15360K)
 Metaspace       used 40630K, committed 40960K, reserved 1114112K
  class space    used 4432K, committed 4608K, reserved 1048576K
}
Event: 10.172 GC heap before
{Heap before GC invocations=20 (full 0):
 garbage-first heap   total 520192K, used 309481K [0x0000000080000000, 0x0000000100000000)
  region size 1024K, 25 young (25600K), 15 survivors (15360K)
 Metaspace       used 40648K, committed 41024K, reserved 1114112K
  class space    used 4432K, committed 4608K, reserved 1048576K
}
Event: 10.198 GC heap after
{Heap after GC invocations=21 (full 0):
 garbage-first heap   total 520192K, used 305664K [0x0000000080000000, 0x0000000100000000)
  region size 1024K, 4 young (4096K), 4 survivors (4096K)
 Metaspace       used 40648K, committed 41024K, reserved 1114112K
  class space    used 4432K, committed 4608K, reserved 1048576K
}
Event: 10.929 GC heap before
{Heap before GC invocations=21 (full 0):
 garbage-first heap   total 520192K, used 383488K [0x0000000080000000, 0x0000000100000000)
  region size 1024K, 80 young (81920K), 4 survivors (4096K)
 Metaspace       used 40814K, committed 41152K, reserved 1114112K
  class space    used 4444K, committed 4608K, reserved 1048576K
}

